<?xml version="1.0" encoding="UTF-8"?>
<!-- Generated by org.testng.reporters.JUnitReportReporter -->
<testsuite hostname="DESKTOP-PBE5DVE" failures="0" tests="1" name="com.automation.testcases.LoginTestCRM" time="7.266" errors="0" timestamp="2024-06-15T11:41:06 IST" skipped="0">
  <testcase classname="com.automation.testcases.LoginTestCRM" name="verifyUserAbleToLaunchTheURL" time="7.266"/>
</testsuite> <!-- com.automation.testcases.LoginTestCRM -->
