<?xml version="1.0" encoding="UTF-8"?>
<!-- Generated by org.testng.reporters.JUnitReportReporter -->
<testsuite hostname="DESKTOP-PBE5DVE" failures="0" tests="2" name="com.automation.testcases.LoginTestCRM" time="4.858" errors="0" timestamp="2024-07-11T01:31:15 IST" skipped="1">
  <testcase classname="com.automation.testcases.LoginTestCRM" name="fetchTheTableContent" time="4.858"/>
  <testcase classname="com.automation.testcases.LoginTestCRM" name="verifyUserAbleToLaunchTheURL">
    <skipped/>
  </testcase> <!-- verifyUserAbleToLaunchTheURL -->
</testsuite> <!-- com.automation.testcases.LoginTestCRM -->
